<?xml version="1.0" encoding="UTF-8" ?>
<testsuite tests="6" failures="0" name="ClientManagerTest" time="0.184" errors="0" skipped="0">
  <properties>
[...]
</properties>
  <testcase classname="ClientManagerTest" name="testClientUpdateCorrectID" time="0.184"/>
  <testcase classname="ClientManagerTest" name="testClientUpdateNegativeID" time="0"/>
  <testcase classname="ClientManagerTest" name="testClientUpdateNonExistentID" time="0"/>
  <testcase classname="ClientManagerTest" name="testUpdateClientEmptyPersonalID" time="0"/>
  <testcase classname="ClientManagerTest" name="testUpdateClientNullPersonalID" time="0"/>
  <testcase classname="ClientManagerTest" name="testUpdateClientNullNameSurname" time="0"/>
</testsuite>